SF:lib\data\datasources\movie_local_data_source.dart
DA:15,1
DA:17,1
DA:20,2
DA:23,2
DA:27,1
DA:30,2
DA:33,2
DA:37,1
DA:39,2
DA:41,1
DA:47,1
DA:50,2
DA:52,4
DA:54,2
LF:14
LH:14
end_of_record
SF:lib\utils\exception.dart
DA:6,4
DA:12,0
LF:2
LH:1
end_of_record
SF:lib\data\models\movie_table.dart
DA:12,2
DA:19,2
DA:20,1
DA:21,1
DA:22,1
DA:23,1
DA:26,2
DA:27,1
DA:28,1
DA:29,1
DA:30,1
DA:33,0
DA:34,0
DA:35,0
DA:36,0
DA:37,0
DA:40,2
DA:41,1
DA:42,1
DA:43,1
DA:44,1
DA:47,2
DA:48,10
LF:23
LH:18
end_of_record
SF:lib\data\models\tv_table.dart
DA:12,2
DA:19,2
DA:20,1
DA:21,1
DA:22,1
DA:23,1
DA:26,2
DA:27,1
DA:28,1
DA:29,1
DA:30,1
DA:33,0
DA:34,0
DA:35,0
DA:36,0
DA:37,0
DA:40,2
DA:41,4
DA:42,2
DA:43,10
LF:20
LH:15
end_of_record
SF:lib\domain\entities\genre.dart
DA:4,9
DA:12,3
DA:13,9
LF:3
LH:3
end_of_record
SF:lib\domain\entities\movie.dart
DA:4,3
DA:20,1
DA:41,2
DA:42,2
DA:43,2
DA:44,2
DA:45,2
DA:46,2
DA:47,2
DA:48,2
DA:49,2
DA:50,2
DA:51,2
DA:52,2
DA:53,2
DA:54,2
DA:55,2
LF:17
LH:17
end_of_record
SF:lib\domain\entities\movie_detail.dart
DA:6,4
DA:34,1
DA:35,1
DA:36,1
DA:37,1
DA:38,1
DA:39,1
DA:40,1
DA:41,1
DA:42,1
DA:43,1
DA:44,1
DA:45,1
DA:46,1
LF:14
LH:14
end_of_record
SF:lib\domain\entities\tv.dart
DA:4,4
DA:27,1
DA:33,2
DA:34,2
DA:35,2
DA:36,2
DA:37,2
DA:38,2
DA:39,2
DA:40,2
DA:41,2
DA:42,2
DA:43,2
DA:44,2
LF:14
LH:14
end_of_record
SF:lib\domain\entities\tv_detail.dart
DA:6,5
DA:35,2
DA:36,2
DA:37,2
DA:38,2
DA:39,2
DA:40,2
DA:41,2
DA:42,2
DA:43,2
DA:44,2
DA:45,2
DA:46,2
DA:47,2
DA:48,2
DA:49,2
LF:16
LH:16
end_of_record
SF:lib\data\datasources\db\database_helper.dart
DA:10,0
DA:14,0
DA:18,0
DA:19,0
DA:26,0
DA:27,0
DA:28,0
DA:30,0
DA:32,0
DA:33,0
DA:38,0
DA:39,0
DA:48,0
DA:59,0
DA:60,0
DA:61,0
DA:64,0
DA:65,0
DA:66,0
DA:69,0
DA:73,0
DA:74,0
DA:75,0
DA:78,0
DA:81,0
DA:82,0
DA:88,0
DA:89,0
DA:90,0
DA:95,0
DA:96,0
DA:97,0
DA:100,0
DA:101,0
DA:102,0
DA:107,0
DA:108,0
DA:110,0
DA:113,0
DA:114,0
DA:116,0
DA:119,0
DA:122,0
DA:123,0
LF:44
LH:0
end_of_record
SF:lib\data\datasources\movie_remote_data_source.dart
DA:24,1
DA:26,1
DA:29,3
DA:31,2
DA:32,4
DA:34,1
DA:38,1
DA:41,4
DA:43,2
DA:44,3
DA:46,1
DA:50,1
DA:52,1
DA:53,3
DA:55,2
DA:56,4
DA:58,1
DA:62,1
DA:65,3
DA:67,2
DA:68,4
DA:70,1
DA:74,1
DA:77,3
DA:79,2
DA:80,4
DA:82,1
DA:86,1
DA:88,1
DA:89,3
DA:91,2
DA:92,4
DA:94,1
LF:33
LH:33
end_of_record
SF:lib\data\datasources\tv_local_data_source.dart
DA:15,1
DA:17,1
DA:20,2
DA:23,2
DA:27,1
DA:30,2
DA:32,4
DA:34,2
DA:38,1
DA:41,2
DA:45,2
DA:49,1
DA:51,2
DA:54,1
LF:14
LH:14
end_of_record
SF:lib\data\datasources\tv_remote_data_source.dart
DA:26,1
DA:28,1
DA:31,3
DA:33,2
DA:34,4
DA:36,1
DA:40,1
DA:42,3
DA:45,2
DA:46,4
DA:48,1
DA:52,1
DA:55,3
DA:57,2
DA:58,4
DA:60,1
DA:64,1
DA:65,4
DA:67,2
DA:68,4
DA:70,1
DA:74,1
DA:76,1
DA:77,3
DA:79,2
DA:80,4
DA:82,1
DA:86,1
DA:88,1
DA:89,3
DA:91,2
DA:92,4
DA:94,1
LF:33
LH:33
end_of_record
SF:lib\data\models\movie_detail_model.dart
DA:7,2
DA:53,1
DA:54,1
DA:55,1
DA:56,1
DA:57,1
DA:58,1
DA:59,4
DA:60,1
DA:61,1
DA:62,1
DA:63,1
DA:64,1
DA:65,1
DA:66,2
DA:67,1
DA:68,1
DA:69,1
DA:70,1
DA:71,1
DA:72,1
DA:73,1
DA:74,1
DA:75,2
DA:76,1
DA:79,0
DA:80,0
DA:81,0
DA:82,0
DA:83,0
DA:84,0
DA:85,0
DA:86,0
DA:87,0
DA:88,0
DA:89,0
DA:90,0
DA:91,0
DA:92,0
DA:93,0
DA:94,0
DA:95,0
DA:96,0
DA:97,0
DA:98,0
DA:99,0
DA:100,0
DA:103,1
DA:104,1
DA:105,1
DA:106,1
DA:107,5
DA:108,1
DA:109,1
DA:110,1
DA:111,1
DA:112,1
DA:113,1
DA:114,1
DA:115,1
DA:116,1
DA:120,1
DA:121,1
DA:122,1
DA:123,1
DA:124,1
DA:125,1
DA:126,1
DA:127,1
DA:128,1
DA:129,1
DA:130,1
DA:131,1
DA:132,1
DA:133,1
DA:134,1
DA:135,1
DA:136,1
DA:137,1
DA:138,1
DA:139,1
DA:140,1
DA:141,1
DA:142,1
LF:84
LH:62
end_of_record
SF:lib\data\models\movie_model.dart
DA:6,4
DA:36,4
DA:37,2
DA:38,2
DA:39,8
DA:40,2
DA:41,2
DA:42,2
DA:43,4
DA:44,2
DA:45,2
DA:46,2
DA:47,2
DA:48,4
DA:49,2
DA:52,2
DA:53,1
DA:54,1
DA:55,4
DA:56,1
DA:57,1
DA:58,1
DA:59,1
DA:60,1
DA:61,1
DA:62,1
DA:63,1
DA:64,1
DA:65,1
DA:68,2
DA:69,2
DA:70,2
DA:71,2
DA:72,2
DA:73,2
DA:74,2
DA:75,2
DA:76,2
DA:77,2
DA:78,2
DA:79,2
DA:80,2
DA:81,2
DA:82,2
DA:86,2
DA:87,2
DA:88,2
DA:89,2
DA:90,2
DA:91,2
DA:92,2
DA:93,2
DA:94,2
DA:95,2
DA:96,2
DA:97,2
DA:98,2
DA:99,2
DA:100,2
LF:59
LH:59
end_of_record
SF:lib\data\models\tv_detail_model.dart
DA:8,4
DA:37,4
DA:38,2
DA:39,2
DA:40,2
DA:41,2
DA:42,8
DA:43,2
DA:44,2
DA:45,2
DA:46,2
DA:47,2
DA:48,2
DA:49,2
DA:50,2
DA:51,2
DA:53,2
DA:54,1
DA:55,1
DA:56,1
DA:58,7
DA:59,1
DA:60,1
DA:61,1
DA:62,1
DA:63,1
DA:64,1
DA:65,1
DA:66,1
DA:67,1
DA:70,2
DA:71,2
DA:72,2
DA:73,2
DA:74,2
DA:75,10
DA:76,2
DA:77,2
DA:78,2
DA:79,2
DA:80,2
DA:81,2
DA:82,2
DA:83,2
DA:84,2
DA:88,2
DA:89,2
DA:90,2
DA:91,2
DA:92,2
DA:93,2
DA:94,2
DA:95,2
DA:96,2
DA:97,2
DA:98,2
DA:99,2
DA:100,2
DA:101,2
DA:102,2
LF:60
LH:60
end_of_record
SF:lib\data\models\tv_model.dart
DA:6,4
DA:29,4
DA:30,2
DA:31,8
DA:32,2
DA:33,2
DA:34,2
DA:35,2
DA:36,2
DA:37,2
DA:38,4
DA:39,2
DA:41,2
DA:42,1
DA:43,4
DA:44,1
DA:45,1
DA:46,1
DA:47,1
DA:48,1
DA:49,1
DA:50,1
DA:51,1
DA:54,2
DA:55,2
DA:56,2
DA:57,2
DA:58,2
DA:59,2
DA:60,2
DA:61,2
DA:62,2
DA:63,2
DA:64,2
DA:65,2
DA:68,2
DA:69,2
DA:70,2
DA:71,2
DA:72,2
DA:73,2
DA:74,2
DA:75,2
DA:76,2
DA:77,2
DA:78,2
DA:79,2
LF:47
LH:47
end_of_record
SF:lib\utils\failure.dart
DA:6,2
DA:8,2
DA:9,4
DA:13,4
DA:17,4
DA:21,4
DA:25,0
LF:7
LH:6
end_of_record
SF:lib\common\encrypt.dart
DA:3,0
DA:4,0
DA:5,0
DA:7,0
DA:9,0
DA:11,0
LF:6
LH:0
end_of_record
SF:lib\data\models\movie_response.dart
DA:8,2
DA:10,4
DA:11,4
DA:12,6
DA:13,6
DA:16,2
DA:17,5
DA:20,1
DA:21,2
LF:9
LH:9
end_of_record
SF:lib\data\models\tv_detail_model_response.dart
DA:8,2
DA:10,2
DA:11,4
DA:13,3
DA:15,1
DA:16,2
LF:6
LH:6
end_of_record
SF:lib\data\models\tv_reponse.dart
DA:8,2
DA:10,4
DA:11,4
DA:12,6
DA:13,6
DA:16,2
DA:17,5
DA:20,1
DA:21,2
LF:9
LH:9
end_of_record
SF:lib\data\models\genre_model.dart
DA:6,7
DA:14,6
DA:15,3
DA:16,3
DA:19,0
DA:20,0
DA:21,0
DA:24,3
DA:25,9
DA:28,3
DA:29,9
LF:11
LH:8
end_of_record
SF:lib\data\repositories\movie_repository_impl.dart
DA:17,1
DA:22,1
DA:25,2
DA:26,5
DA:27,1
DA:28,2
DA:29,1
DA:30,2
DA:34,1
DA:37,2
DA:38,2
DA:39,1
DA:40,2
DA:41,1
DA:42,2
DA:46,1
DA:49,2
DA:50,3
DA:51,1
DA:52,2
DA:53,1
DA:54,2
DA:58,1
DA:61,2
DA:62,5
DA:63,1
DA:64,2
DA:65,1
DA:66,2
DA:70,1
DA:73,2
DA:74,5
DA:75,1
DA:76,2
DA:77,1
DA:78,2
DA:82,1
DA:85,2
DA:86,5
DA:87,1
DA:88,2
DA:89,1
DA:90,2
DA:94,1
DA:98,3
DA:99,1
DA:100,1
DA:101,3
DA:107,1
DA:111,3
DA:112,1
DA:113,1
DA:114,3
DA:118,1
DA:120,2
DA:124,1
DA:127,2
DA:128,5
DA:129,1
DA:130,3
LF:60
LH:60
end_of_record
SF:lib\data\repositories\tv_repository_implementations.dart
DA:18,1
DA:21,1
DA:24,2
DA:26,5
DA:27,1
DA:28,2
DA:29,1
DA:30,2
DA:34,1
DA:37,2
DA:39,5
DA:40,1
DA:41,2
DA:42,1
DA:43,2
DA:47,1
DA:50,2
DA:52,5
DA:53,1
DA:54,2
DA:55,1
DA:56,2
DA:60,1
DA:63,2
DA:65,2
DA:66,1
DA:67,2
DA:68,1
DA:69,2
DA:73,1
DA:76,2
DA:78,5
DA:79,1
DA:80,2
DA:81,1
DA:82,2
DA:86,1
DA:89,2
DA:91,5
DA:92,1
DA:93,2
DA:94,1
DA:95,2
DA:99,1
DA:102,2
DA:104,5
DA:105,1
DA:106,3
DA:110,1
DA:114,3
DA:116,1
DA:117,1
DA:118,3
DA:122,1
DA:126,3
DA:128,1
DA:129,1
DA:130,3
DA:134,1
DA:136,2
LF:60
LH:60
end_of_record
SF:lib\domain\usecases\get_movie_detail.dart
DA:10,1
DA:12,1
DA:13,2
LF:3
LH:3
end_of_record
SF:lib\domain\usecases\get_movie_recommendations.dart
DA:10,1
DA:12,1
DA:13,2
LF:3
LH:3
end_of_record
SF:lib\domain\usecases\get_now_playing_movies.dart
DA:9,1
DA:11,1
DA:12,2
LF:3
LH:3
end_of_record
SF:lib\domain\usecases\get_on_air_tv.dart
DA:9,1
DA:11,1
DA:12,2
LF:3
LH:3
end_of_record
SF:lib\domain\usecases\get_popular_movies.dart
DA:10,1
DA:12,1
DA:13,2
LF:3
LH:3
end_of_record
SF:lib\domain\usecases\get_popular_tv.dart
DA:10,1
DA:12,1
DA:13,2
LF:3
LH:3
end_of_record
SF:lib\domain\usecases\get_top_rated_movies.dart
DA:10,1
DA:12,1
DA:13,2
LF:3
LH:3
end_of_record
SF:lib\domain\usecases\get_top_rated_tv.dart
DA:10,1
DA:12,1
DA:13,2
LF:3
LH:3
end_of_record
SF:lib\domain\usecases\get_tv_detail.dart
DA:9,1
DA:11,1
DA:12,2
LF:3
LH:3
end_of_record
SF:lib\domain\usecases\get_tv_recommendation.dart
DA:9,1
DA:11,1
DA:12,2
LF:3
LH:3
end_of_record
SF:lib\domain\usecases\get_watchlist_movies.dart
DA:10,1
DA:12,1
DA:13,2
LF:3
LH:3
end_of_record
SF:lib\domain\usecases\get_watchlist_status.dart
DA:6,1
DA:8,1
DA:9,2
LF:3
LH:3
end_of_record
SF:lib\domain\usecases\get_watchlist_tv_status.dart
DA:6,1
DA:8,1
DA:9,2
LF:3
LH:3
end_of_record
SF:lib\domain\usecases\get_watchlist_tv.dart
DA:10,1
DA:12,1
DA:13,2
LF:3
LH:3
end_of_record
SF:lib\utils\utils.dart
DA:3,0
LF:1
LH:0
end_of_record
SF:lib\styles\text_styles.dart
DA:5,0
DA:6,0
DA:7,0
DA:8,0
DA:9,0
DA:12,0
DA:13,0
DA:14,0
DA:16,0
DA:18,0
LF:10
LH:0
end_of_record
SF:lib\domain\usecases\remove_watchlist.dart
DA:10,1
DA:12,1
DA:13,2
LF:3
LH:3
end_of_record
SF:lib\domain\usecases\remove_watchlist_tv.dart
DA:10,1
DA:12,1
DA:13,2
LF:3
LH:3
end_of_record
SF:lib\domain\usecases\save_watchlist.dart
DA:10,1
DA:12,1
DA:13,2
LF:3
LH:3
end_of_record
SF:lib\domain\usecases\save_watchlist_tv.dart
DA:10,1
DA:12,1
DA:13,2
LF:3
LH:3
end_of_record
SF:lib\domain\usecases\search_movies.dart
DA:10,1
DA:12,1
DA:13,2
LF:3
LH:3
end_of_record
SF:lib\domain\usecases\search_tv.dart
DA:10,1
DA:12,1
DA:13,2
LF:3
LH:3
end_of_record
