SF:lib\presentation\bloc\movie_detail_bloc\detail_movie_state.dart
DA:5,4
DA:7,1
DA:8,1
DA:18,2
DA:20,1
DA:21,2
DA:27,3
DA:29,1
DA:30,2
LF:9
LH:9
end_of_record
SF:lib\presentation\bloc\movie_detail_bloc\detail_movie_event.dart
DA:9,2
LF:1
LH:1
end_of_record
SF:lib\presentation\bloc\movie_detail_bloc\detail_movie_bloc.dart
DA:13,3
DA:14,2
DA:15,1
DA:17,2
DA:19,2
DA:21,2
DA:22,3
DA:23,1
DA:24,2
LF:9
LH:9
end_of_record
SF:lib\presentation\bloc\movie_recommendations_bloc\bloc\movie_recommendations_bloc.dart
DA:14,1
DA:15,2
DA:16,2
DA:17,1
DA:19,2
DA:21,2
DA:23,1
DA:24,5
DA:25,4
LF:9
LH:9
end_of_record
SF:lib\presentation\bloc\movie_recommendations_bloc\bloc\movie_recommendations_state.dart
DA:5,4
DA:7,1
DA:8,1
DA:18,2
DA:20,1
DA:21,2
DA:27,3
DA:29,1
DA:30,2
LF:9
LH:9
end_of_record
SF:lib\presentation\bloc\movie_recommendations_bloc\bloc\movie_recommendations_event.dart
DA:9,2
LF:1
LH:1
end_of_record
SF:lib\presentation\bloc\now_playing_movies_bloc\bloc\now_playing_movies_state.dart
DA:5,3
DA:7,1
DA:8,1
DA:18,2
DA:20,1
DA:21,2
DA:27,2
DA:29,1
DA:30,2
LF:9
LH:9
end_of_record
SF:lib\presentation\bloc\now_playing_movies_bloc\bloc\now_playing_movies_bloc.dart
DA:14,1
DA:15,2
DA:16,2
DA:17,2
DA:19,2
DA:21,2
DA:22,3
DA:23,4
LF:8
LH:8
end_of_record
SF:lib\presentation\bloc\popular_movie_bloc\bloc\popular_movie_state.dart
DA:5,5
DA:7,1
DA:8,1
DA:18,3
DA:20,1
DA:21,2
DA:27,4
DA:29,1
DA:30,2
LF:9
LH:9
end_of_record
SF:lib\presentation\bloc\popular_movie_bloc\bloc\popular_movie_bloc.dart
DA:15,3
DA:16,2
DA:17,2
DA:19,2
DA:21,2
DA:22,3
DA:23,1
DA:24,2
LF:8
LH:8
end_of_record
SF:lib\presentation\bloc\watchlist_movie_bloc\bloc\watchlist_movie_event.dart
DA:9,1
DA:15,1
DA:21,2
LF:3
LH:3
end_of_record
SF:lib\presentation\bloc\watchlist_movie_bloc\bloc\watchlist_movie_state.dart
DA:5,5
DA:7,1
DA:8,1
DA:16,2
DA:18,1
DA:19,2
DA:25,2
DA:27,1
DA:28,2
DA:34,3
DA:36,1
DA:37,2
DA:45,3
DA:47,1
DA:48,2
DA:54,3
DA:56,1
DA:57,2
LF:18
LH:18
end_of_record
SF:lib\presentation\bloc\watchlist_movie_bloc\bloc\watchlist_movie_bloc.dart
DA:21,1
DA:26,2
DA:27,1
DA:28,1
DA:29,1
DA:31,2
DA:33,2
DA:34,3
DA:35,1
DA:36,2
DA:41,2
DA:42,1
DA:44,2
DA:46,2
DA:47,3
DA:48,1
DA:49,2
DA:53,2
DA:54,1
DA:56,2
DA:58,2
DA:61,2
DA:62,2
DA:64,2
DA:66,6
DA:67,4
LF:26
LH:26
end_of_record
SF:lib\presentation\bloc\top_rated_movie_bloc\bloc\top_rated_movie_bloc.dart
DA:14,3
DA:15,2
DA:16,2
DA:18,2
DA:20,1
DA:21,1
DA:22,3
DA:24,1
DA:25,2
LF:9
LH:9
end_of_record
SF:lib\presentation\bloc\top_rated_movie_bloc\bloc\top_rated_movie_state.dart
DA:5,4
DA:7,1
DA:8,1
DA:18,2
DA:20,1
DA:21,2
DA:27,4
DA:29,1
DA:30,2
LF:9
LH:9
end_of_record
SF:lib\presentation\bloc\search_movie_bloc\bloc\search_movie_state.dart
DA:4,4
DA:6,1
DA:7,1
DA:19,3
DA:21,1
DA:22,2
DA:28,3
DA:30,1
DA:31,2
LF:9
LH:9
end_of_record
SF:lib\presentation\bloc\search_movie_bloc\bloc\search_movie_event.dart
DA:4,2
DA:10,2
LF:2
LH:2
end_of_record
SF:lib\presentation\bloc\search_movie_bloc\bloc\search_movie_bloc.dart
DA:14,3
DA:15,1
DA:16,1
DA:17,1
DA:19,2
DA:21,2
DA:23,2
DA:24,3
DA:25,1
DA:26,1
DA:27,2
DA:29,2
DA:33,1
DA:34,1
DA:35,1
LF:15
LH:15
end_of_record
SF:lib\presentation\pages\home_movie_page.dart
DA:20,1
DA:22,1
DA:23,1
DA:27,1
DA:29,1
DA:30,2
DA:31,4
DA:32,4
DA:33,4
DA:37,1
DA:39,1
DA:40,1
DA:41,1
DA:42,1
DA:50,1
DA:53,0
DA:54,0
DA:57,1
DA:60,0
DA:61,0
DA:64,1
DA:67,0
DA:68,0
DA:71,1
DA:74,0
DA:75,0
DA:78,1
DA:79,0
DA:80,0
DA:88,1
DA:90,1
DA:91,1
DA:92,0
DA:93,0
DA:99,1
DA:101,1
DA:102,1
DA:104,1
DA:105,1
DA:107,1
DA:109,1
DA:110,1
DA:111,1
DA:115,1
DA:116,2
DA:121,1
DA:123,0
DA:124,0
DA:126,1
DA:127,1
DA:128,1
DA:132,1
DA:133,2
DA:138,1
DA:140,0
DA:141,0
DA:143,1
DA:144,1
DA:145,1
DA:149,1
DA:150,2
DA:162,1
DA:163,1
DA:165,1
DA:166,1
DA:168,1
DA:170,1
DA:187,1
DA:189,1
DA:191,1
DA:193,1
DA:195,1
DA:196,2
DA:197,1
DA:199,1
DA:200,0
DA:201,0
DA:204,0
DA:207,1
DA:209,1
DA:210,2
DA:211,1
DA:214,0
DA:220,2
LF:84
LH:64
end_of_record
SF:lib\presentation\pages\movie_detail_page.dart
DA:17,1
DA:19,1
DA:20,1
DA:24,1
DA:26,1
DA:27,2
DA:28,6
DA:29,6
DA:30,1
DA:31,1
DA:32,4
DA:36,1
DA:38,2
DA:39,1
DA:40,1
DA:44,1
DA:45,1
DA:46,2
DA:48,1
DA:49,1
DA:50,2
DA:51,1
DA:52,1
DA:66,1
DA:68,1
DA:69,1
DA:73,1
DA:75,3
DA:77,1
DA:79,1
DA:80,1
DA:81,4
DA:83,1
DA:86,0
DA:88,1
DA:90,1
DA:91,1
DA:92,1
DA:102,1
DA:103,1
DA:104,1
DA:106,1
DA:108,1
DA:110,1
DA:111,1
DA:112,3
DA:113,1
DA:115,1
DA:117,0
DA:119,0
DA:120,0
DA:121,0
DA:123,0
DA:126,0
DA:127,0
DA:129,0
DA:130,0
DA:132,0
DA:133,0
DA:134,0
DA:138,0
DA:139,0
DA:142,1
DA:143,1
DA:144,1
DA:146,1
DA:147,0
DA:149,0
DA:150,0
DA:152,0
DA:153,0
DA:154,0
DA:157,1
DA:159,1
DA:160,2
DA:174,1
DA:175,4
DA:177,1
DA:178,4
DA:180,1
DA:181,1
DA:182,1
DA:183,4
DA:185,1
DA:191,5
DA:195,1
DA:197,1
DA:199,1
DA:200,3
DA:203,1
DA:205,1
DA:207,1
DA:209,1
DA:211,1
DA:212,1
DA:220,1
DA:222,1
DA:224,1
DA:226,1
DA:227,1
DA:228,1
DA:230,1
DA:231,0
DA:232,0
DA:235,0
DA:238,1
DA:243,1
DA:245,2
DA:246,1
DA:251,0
DA:259,1
DA:262,1
DA:263,1
DA:266,2
DA:268,1
DA:269,1
DA:284,1
DA:286,1
DA:301,1
DA:303,1
DA:306,1
DA:308,0
DA:309,0
DA:318,1
DA:320,2
DA:321,3
DA:324,1
DA:328,3
DA:331,1
DA:332,1
DA:333,1
DA:335,1
DA:336,1
DA:338,0
LF:134
LH:106
end_of_record
SF:lib\presentation\pages\popular_movies_page.dart
DA:11,1
DA:13,1
DA:14,1
DA:18,1
DA:20,1
DA:21,5
DA:22,1
DA:25,1
DA:27,1
DA:28,1
DA:31,1
DA:33,1
DA:34,1
DA:35,1
DA:39,1
DA:40,1
DA:41,1
DA:42,1
DA:43,1
DA:44,1
DA:46,1
DA:48,1
DA:49,1
DA:51,2
DA:53,1
DA:54,1
LF:26
LH:26
end_of_record
SF:lib\presentation\pages\search_page.dart
DA:11,1
DA:13,1
DA:15,1
DA:16,1
DA:19,1
DA:21,1
DA:23,1
DA:24,1
DA:25,1
DA:26,3
DA:36,1
DA:38,1
DA:40,1
DA:41,1
DA:42,1
DA:46,1
DA:47,1
DA:48,1
DA:49,1
DA:51,1
DA:52,1
DA:53,1
DA:55,1
DA:58,1
DA:64,1
DA:65,1
DA:67,2
DA:69,1
DA:70,1
LF:29
LH:29
end_of_record
SF:lib\presentation\pages\top_rated_movies_page.dart
DA:10,1
DA:11,1
DA:15,1
DA:17,1
DA:18,1
DA:19,5
DA:22,1
DA:24,1
DA:25,1
DA:28,1
DA:30,1
DA:31,1
DA:32,1
DA:36,1
DA:37,1
DA:38,1
DA:39,2
DA:40,1
DA:42,2
DA:44,1
DA:45,1
DA:47,2
LF:22
LH:22
end_of_record
SF:lib\presentation\pages\watchlist_movies_page.dart
DA:11,1
DA:12,1
DA:17,1
DA:19,1
DA:20,1
DA:21,5
DA:24,1
DA:26,1
DA:27,4
DA:30,0
DA:32,0
DA:35,1
DA:37,1
DA:38,1
DA:41,1
DA:43,1
DA:44,1
DA:45,1
DA:49,1
DA:50,1
DA:51,1
DA:52,2
DA:53,1
DA:55,2
DA:57,1
DA:58,1
DA:70,1
DA:72,2
DA:73,1
LF:29
LH:27
end_of_record
SF:lib\presentation\widget\movie_card_list.dart
DA:13,4
DA:15,4
DA:17,4
DA:20,4
DA:21,0
DA:22,0
DA:25,0
DA:28,4
DA:30,4
DA:31,4
DA:32,4
DA:38,4
DA:40,4
DA:41,4
DA:42,8
DA:45,4
DA:47,4
DA:48,4
DA:49,8
DA:57,4
DA:62,4
DA:63,8
DA:64,4
DA:65,12
DA:67,4
DA:70,0
LF:26
LH:22
end_of_record
