SF:lib\presentation\bloc\detail_tv_bloc\bloc\tv_detail_state.dart
DA:5,1
DA:6,1
DA:16,2
DA:18,1
DA:19,2
DA:25,2
DA:27,1
DA:28,2
LF:8
LH:8
end_of_record
SF:lib\presentation\bloc\detail_tv_bloc\bloc\tv_detail_bloc.dart
DA:13,3
DA:14,2
DA:15,2
DA:17,3
DA:19,5
DA:20,3
LF:6
LH:6
end_of_record
SF:lib\presentation\bloc\detail_tv_bloc\bloc\tv_detail_event.dart
DA:9,2
LF:1
LH:1
end_of_record
SF:lib\presentation\bloc\on_air_tv_bloc\bloc\on_air_tv_state.dart
DA:5,1
DA:6,1
DA:16,2
DA:18,1
DA:19,2
DA:25,2
DA:27,1
DA:28,2
LF:8
LH:8
end_of_record
SF:lib\presentation\bloc\on_air_tv_bloc\bloc\on_air_tv_bloc.dart
DA:12,3
DA:13,2
DA:14,2
DA:16,2
DA:18,6
DA:19,4
LF:6
LH:6
end_of_record
SF:lib\presentation\bloc\popular_tv_bloc\bloc\popular_tv_state.dart
DA:5,1
DA:6,1
DA:16,3
DA:18,1
DA:19,2
DA:25,3
DA:27,1
DA:28,2
LF:8
LH:8
end_of_record
SF:lib\presentation\bloc\popular_tv_bloc\bloc\popular_tv_bloc.dart
DA:13,3
DA:14,2
DA:15,2
DA:17,2
DA:19,6
DA:20,4
LF:6
LH:6
end_of_record
SF:lib\presentation\bloc\recommendations_tv_bloc\bloc\recommendations_tv_state.dart
DA:5,1
DA:6,1
DA:16,2
DA:18,1
DA:19,2
DA:25,2
DA:27,1
DA:28,2
LF:8
LH:8
end_of_record
SF:lib\presentation\bloc\recommendations_tv_bloc\bloc\recommendations_tv_event.dart
DA:9,2
LF:1
LH:1
end_of_record
SF:lib\presentation\bloc\recommendations_tv_bloc\bloc\recommendations_tv_bloc.dart
DA:13,1
DA:14,2
DA:15,2
DA:16,2
DA:18,3
DA:20,6
DA:21,4
LF:7
LH:7
end_of_record
SF:lib\presentation\bloc\search_tv_bloc\bloc\search_tv_event.dart
DA:9,2
LF:1
LH:1
end_of_record
SF:lib\presentation\bloc\search_tv_bloc\bloc\search_tv_bloc.dart
DA:13,3
DA:14,2
DA:15,2
DA:17,3
DA:19,2
DA:20,3
DA:21,1
DA:22,5
LF:8
LH:8
end_of_record
SF:lib\presentation\bloc\search_tv_bloc\bloc\search_tv_state.dart
DA:5,1
DA:6,1
DA:18,2
DA:20,1
DA:21,2
DA:27,2
DA:29,1
DA:30,2
LF:8
LH:8
end_of_record
SF:lib\presentation\bloc\top_rated_tv_bloc\bloc\top_rated_tv_bloc.dart
DA:13,3
DA:14,2
DA:15,2
DA:17,2
DA:19,2
DA:20,3
DA:21,1
DA:22,2
LF:8
LH:8
end_of_record
SF:lib\presentation\bloc\top_rated_tv_bloc\bloc\top_rated_tv_state.dart
DA:5,1
DA:6,1
DA:16,3
DA:18,1
DA:19,2
DA:25,3
DA:27,1
DA:28,2
LF:8
LH:8
end_of_record
SF:lib\presentation\bloc\watchlist_tv_bloc\bloc\watchlist_tv_state.dart
DA:5,1
DA:6,1
DA:18,2
DA:20,1
DA:21,2
DA:27,2
DA:29,1
DA:30,2
DA:36,2
DA:38,1
DA:39,2
DA:45,1
DA:47,1
DA:48,2
DA:54,1
DA:56,1
DA:57,2
LF:17
LH:17
end_of_record
SF:lib\presentation\bloc\watchlist_tv_bloc\bloc\watchlist_tv_event.dart
DA:5,1
DA:6,1
DA:14,2
DA:20,2
DA:26,2
LF:5
LH:5
end_of_record
SF:lib\presentation\bloc\watchlist_tv_bloc\bloc\watchlist_tv_bloc.dart
DA:20,1
DA:25,2
DA:26,2
DA:27,2
DA:29,2
DA:31,2
DA:32,3
DA:33,1
DA:34,1
DA:35,2
DA:37,2
DA:42,2
DA:43,2
DA:45,3
DA:47,2
DA:50,2
DA:51,2
DA:53,3
DA:55,2
DA:56,3
DA:57,1
DA:58,2
DA:62,2
DA:63,2
DA:65,3
DA:67,2
DA:68,3
DA:69,1
DA:70,2
LF:29
LH:29
end_of_record
SF:lib\presentation\pages\tv_detail_page.dart
DA:18,1
DA:20,1
DA:21,1
DA:25,1
DA:27,1
DA:28,2
DA:29,6
DA:30,6
DA:31,1
DA:32,1
DA:33,4
DA:37,1
DA:39,1
DA:41,1
DA:42,1
DA:43,1
DA:44,1
DA:45,1
DA:49,1
DA:50,2
DA:51,1
DA:52,1
DA:53,2
DA:67,1
DA:72,1
DA:74,3
DA:75,1
DA:76,1
DA:77,1
DA:78,3
DA:80,1
DA:83,0
DA:85,1
DA:87,1
DA:88,1
DA:89,1
DA:99,1
DA:100,1
DA:101,1
DA:103,1
DA:105,1
DA:107,1
DA:108,1
DA:109,2
DA:110,1
DA:112,1
DA:113,0
DA:114,0
DA:115,0
DA:116,0
DA:117,0
DA:121,0
DA:122,0
DA:124,0
DA:125,0
DA:127,0
DA:128,0
DA:129,0
DA:134,1
DA:135,1
DA:137,1
DA:138,1
DA:139,1
DA:141,1
DA:142,3
DA:145,1
DA:146,3
DA:150,1
DA:152,1
DA:153,1
DA:154,1
DA:180,1
DA:181,3
DA:183,1
DA:184,1
DA:185,1
DA:186,3
DA:188,1
DA:194,4
DA:198,1
DA:200,1
DA:202,1
DA:203,3
DA:206,1
DA:208,1
DA:210,1
DA:211,3
DA:214,1
DA:216,1
DA:218,1
DA:219,2
DA:222,1
DA:224,1
DA:226,1
DA:228,1
DA:229,1
DA:230,1
DA:234,1
DA:240,1
DA:241,1
DA:243,1
DA:245,1
DA:247,2
DA:248,1
DA:252,1
DA:253,0
DA:254,0
DA:257,0
DA:260,1
DA:265,1
DA:267,2
DA:268,1
DA:274,0
DA:282,2
DA:285,1
DA:286,1
DA:288,2
DA:299,1
DA:301,1
DA:316,1
DA:318,1
DA:321,1
DA:323,0
DA:324,0
DA:333,1
DA:335,2
DA:336,3
DA:339,1
DA:343,3
LF:129
LH:110
end_of_record
SF:lib\presentation\pages\popular_tv_page.dart
DA:9,1
DA:10,1
DA:11,1
DA:15,1
DA:17,1
DA:18,1
DA:19,5
DA:22,1
DA:24,1
DA:25,1
DA:28,1
DA:30,1
DA:31,1
DA:32,1
DA:33,1
DA:34,1
DA:38,1
DA:39,1
DA:40,1
DA:41,2
DA:42,1
DA:44,2
DA:46,1
DA:47,1
DA:49,2
LF:25
LH:25
end_of_record
SF:lib\presentation\pages\home_tv_page.dart
DA:12,1
DA:13,1
DA:14,1
DA:18,1
DA:20,1
DA:21,2
DA:22,4
DA:23,4
DA:24,4
DA:28,1
DA:30,1
DA:31,1
DA:33,1
DA:34,1
DA:35,0
DA:36,0
DA:42,1
DA:44,1
DA:45,1
DA:47,1
DA:48,1
DA:50,1
DA:52,2
DA:53,1
DA:54,1
DA:55,1
DA:59,1
DA:60,2
DA:61,1
DA:62,1
DA:64,2
DA:69,1
DA:71,0
DA:72,0
DA:74,1
DA:75,1
DA:76,1
DA:77,1
DA:78,1
DA:82,1
DA:83,2
DA:84,1
DA:85,1
DA:87,2
DA:92,1
DA:94,0
DA:95,0
DA:97,1
DA:98,1
DA:99,1
DA:100,1
DA:101,1
DA:105,1
DA:106,2
DA:107,1
DA:108,1
DA:110,2
DA:122,1
DA:123,1
DA:125,1
DA:126,1
DA:128,1
DA:130,1
DA:147,1
DA:149,1
DA:151,1
DA:153,1
DA:155,1
DA:156,2
DA:157,1
DA:160,1
DA:161,0
DA:162,0
DA:165,0
DA:168,1
DA:170,1
DA:171,2
DA:172,1
DA:175,0
DA:181,2
LF:80
LH:70
end_of_record
SF:lib\presentation\widgets\tv_card.dart
DA:11,4
DA:13,4
DA:15,4
DA:18,4
DA:19,0
DA:20,0
DA:23,0
DA:26,4
DA:28,4
DA:29,4
DA:30,4
DA:36,4
DA:38,4
DA:39,4
DA:40,8
DA:43,4
DA:46,4
DA:47,8
DA:55,4
DA:60,4
DA:62,4
DA:63,12
DA:65,4
DA:68,0
LF:24
LH:20
end_of_record
SF:lib\presentation\pages\search_tv_page.dart
DA:10,1
DA:12,1
DA:14,1
DA:15,1
DA:18,1
DA:20,1
DA:22,1
DA:23,1
DA:24,1
DA:25,3
DA:35,1
DA:37,1
DA:39,1
DA:40,1
DA:41,1
DA:42,1
DA:43,1
DA:47,1
DA:48,1
DA:49,1
DA:51,1
DA:52,2
DA:53,1
DA:55,2
DA:58,1
DA:64,1
DA:65,1
DA:66,1
DA:68,2
LF:29
LH:29
end_of_record
SF:lib\presentation\pages\top_rated_tv_pages.dart
DA:9,1
DA:11,1
DA:12,1
DA:16,1
DA:18,1
DA:19,2
DA:20,4
DA:24,1
DA:26,1
DA:27,1
DA:30,1
DA:32,1
DA:33,1
DA:34,1
DA:35,1
DA:36,1
DA:40,1
DA:41,1
DA:42,1
DA:43,2
DA:44,1
DA:46,2
DA:48,1
DA:49,1
DA:51,2
LF:25
LH:25
end_of_record
SF:lib\presentation\pages\watchlist_tv_page.dart
DA:9,1
DA:10,1
DA:14,1
DA:16,1
DA:17,1
DA:18,5
DA:21,1
DA:23,1
DA:24,4
DA:27,0
DA:29,0
DA:32,1
DA:34,1
DA:35,1
DA:38,1
DA:40,1
DA:41,1
DA:42,1
DA:43,1
DA:44,1
DA:48,1
DA:49,1
DA:50,1
DA:51,2
DA:52,1
DA:54,2
DA:56,1
DA:60,1
DA:61,1
DA:63,2
DA:76,1
DA:78,2
DA:79,1
LF:33
LH:31
end_of_record
